<?xml version="1.0" encoding="UTF-8"?>
<!-- Generated by org.testng.reporters.JUnitReportReporter -->
<testsuite hostname="LATAM-7NSDDL3" failures="0" tests="1" name="serialization.UserTest" time="2.069" errors="0" timestamp="2022-08-25T16:23:00 COT" skipped="0">
  <testcase classname="serialization.UserTest" name="createUserTest" time="2.069"/>
  <system-out/>
</testsuite> <!-- serialization.UserTest -->
