<?xml version="1.0" encoding="UTF-8"?>
<!-- Generated by org.testng.reporters.JUnitReportReporter -->
<testsuite hostname="LATAM-7NSDDL3" failures="0" tests="2" name="allureReport.EmployeeTest" time="2.123" errors="0" timestamp="2022-08-26T08:26:31 COT" skipped="0">
  <testcase classname="allureReport.EmployeeTest" name="verifyUser" time="0.526"/>
  <system-out/>
  <testcase classname="allureReport.EmployeeTest" name="createUser" time="1.597"/>
  <system-out/>
</testsuite> <!-- allureReport.EmployeeTest -->
