<?xml version="1.0" encoding="UTF-8"?>
<!-- Generated by org.testng.reporters.JUnitReportReporter -->
<testsuite hostname="LATAM-7NSDDL3" failures="0" tests="2" name="allureReport.EmployeeDetailsTest" time="3.008" errors="0" timestamp="2022-08-26T10:58:32 COT" skipped="0">
  <testcase classname="allureReport.EmployeeDetailsTest" name="createUser" time="2.512"/>
  <system-out/>
  <testcase classname="allureReport.EmployeeDetailsTest" name="verifyUser" time="0.496"/>
  <system-out/>
</testsuite> <!-- allureReport.EmployeeDetailsTest -->
