<?xml version="1.0" encoding="UTF-8"?>
<!-- Generated by org.testng.reporters.JUnitReportReporter -->
<testsuite hostname="LATAM-7NSDDL3" failures="0" tests="3" name="tests.PutPatchAndDeleteExamples" time="2.150" errors="0" timestamp="2022-08-25T10:32:58 COT" skipped="0">
  <testcase classname="tests.PutPatchAndDeleteExamples" name="testDelete" time="1.177"/>
  <system-out/>
  <testcase classname="tests.PutPatchAndDeleteExamples" name="testPatch" time="0.526"/>
  <system-out/>
  <testcase classname="tests.PutPatchAndDeleteExamples" name="testPut" time="0.447"/>
  <system-out/>
</testsuite> <!-- tests.PutPatchAndDeleteExamples -->
