<?xml version="1.0" encoding="UTF-8"?>
<!-- Generated by org.testng.reporters.JUnitReportReporter -->
<testsuite hostname="LATAM-7NSDDL3" failures="0" tests="2" name="tests.TestsExamples" time="1.932" errors="0" timestamp="2022-08-25T09:57:19 COT" skipped="0">
  <testcase classname="tests.TestsExamples" name="test_2" time="0.717"/>
  <system-out/>
  <testcase classname="tests.TestsExamples" name="test_1" time="1.215"/>
  <system-out/>
</testsuite> <!-- tests.TestsExamples -->
