<?xml version="1.0" encoding="UTF-8"?>
<!-- Generated by org.testng.reporters.JUnitReportReporter -->
<testsuite hostname="LATAM-7NSDDL3" failures="0" tests="2" name="files.MultiPartTest" time="2.145" errors="0" timestamp="2022-08-25T17:04:02 COT" skipped="0">
  <testcase classname="files.MultiPartTest" name="DownloadTest" time="1.309"/>
  <system-out/>
  <testcase classname="files.MultiPartTest" name="uploadTest" time="0.836"/>
  <system-out/>
</testsuite> <!-- files.MultiPartTest -->
