<?xml version="1.0" encoding="UTF-8"?>
<!-- Generated by org.testng.reporters.JUnitReportReporter -->
<testsuite hostname="LATAM-7NSDDL3" failures="0" tests="1" name="deserializing.ListUsersTest" time="0.878" errors="0" timestamp="2022-08-25T14:47:00 COT" skipped="0">
  <testcase classname="deserializing.ListUsersTest" name="deserializeTest" time="0.878"/>
  <system-out/>
</testsuite> <!-- deserializing.ListUsersTest -->
