<?xml version="1.0" encoding="UTF-8"?>
<!-- Generated by org.testng.reporters.JUnitReportReporter -->
<testsuite hostname="LATAM-7NSDDL3" failures="0" tests="2" name="tests.PokemonApi" time="1.436" errors="0" timestamp="2022-08-25T13:09:35 COT" skipped="0">
  <testcase classname="tests.PokemonApi" name="getPokemonByName" time="0.205"/>
  <system-out/>
  <testcase classname="tests.PokemonApi" name="getPokemon" time="1.231"/>
  <system-out/>
</testsuite> <!-- tests.PokemonApi -->
