<?xml version="1.0" encoding="UTF-8"?>
<!-- Generated by org.testng.reporters.JUnitReportReporter -->
<testsuite hostname="LATAM-7NSDDL3" failures="0" tests="2" name="tests.GetAndPostExamples" time="1.868" errors="0" timestamp="2022-08-25T10:23:01 COT" skipped="0">
  <testcase classname="tests.GetAndPostExamples" name="testGet" time="1.332"/>
  <system-out/>
  <testcase classname="tests.GetAndPostExamples" name="testPost" time="0.536"/>
  <system-out/>
</testsuite> <!-- tests.GetAndPostExamples -->
