<?xml version="1.0" encoding="UTF-8"?>
<!-- Generated by org.testng.reporters.JUnitReportReporter -->
<testsuite hostname="LATAM-7NSDDL3" failures="0" tests="2" name="allureReport.EmployeeDetailsTest" time="1.986" errors="0" timestamp="2022-08-26T08:32:36 COT" skipped="0">
  <testcase classname="allureReport.EmployeeDetailsTest" name="verifyUser" time="0.439"/>
  <system-out/>
  <testcase classname="allureReport.EmployeeDetailsTest" name="createUser" time="1.547"/>
  <system-out/>
</testsuite> <!-- allureReport.EmployeeDetailsTest -->
